********************************************************************************
PACKAGE-LOG: 2016-04-28 19:59:47
NOTICE: Do NOT post to public sites or forums 
********************************************************************************
VERSION:	1.1.6
WORDPRESS:	4.5.1
PHP INFO:	7.0.0 | SAPI: apache2handler
SERVER:		Apache/2.2.29 (Unix) mod_wsgi/3.5 Python/2.7.10 PHP/7.0.0 mod_ssl/2.2.29 OpenSSL/0.9.8zg DAV/2 mod_fastcgi/2.4.6 mod_perl/2.0.9 Perl/v5.22.0 
PHP TIME LIMIT: (0) no time limit imposed 
PHP MAX MEMORY: 5000M (128M default) 
MEMORY STACK: 4MB 

********************************************************************************
DATABASE:
********************************************************************************
BUILD MODE:   PHP(query limit - 100)
MYSQLTIMEOUT: 5000
MYSQLDUMP:    Not Supported 
TABLES: total:13 | filtered:0 | create:13 
FILTERED: [] 
SQL CREATED: 20160428_sheridanneighborhoodorganizat_57226ba6ecbae3514160428195934_database.sql 
SQL FILE SIZE: 659.38KB (675203) 
SQL FILE TIME: 2016-04-28 19:59:48 
SQL RUNTIME: 0.47 sec. 

******************************************************************************** 
ARCHIVE (ZIP): 
******************************************************************************** 
ARCHIVE DIR:  /Applications/MAMP/htdocs/webi2000/final 
ARCHIVE FILE: 20160428_sheridanneighborhoodorganizat_57226ba6ecbae3514160428195934_archive.zip 
FILTERS: *OFF* 
DIRS:  not set 
EXTS:  not set 
---------------------------------------- 
COMPRESSING 
SIZE:	40.19MB 
STATS:	Dirs 294 | Files 2,407 
SQL ADDED: 20160428_sheridanneighborhoodorganizat_57226ba6ecbae3514160428195934_database.sql 
ZipArchive Object
(
    [status] => 0
    [statusSys] => 0
    [numFiles] => 2701
    [filename] => /Applications/MAMP/htdocs/webi2000/final/wp-snapshots/tmp/20160428_sheridanneighborhoodorganizat_57226ba6ecbae3514160428195934_archive.zip
    [comment] => 
)
 
COMPRESSION RESULT: '1' 
COMPRESSED SIZE: 21.3MB 
ARCHIVE RUNTIME: 45.66 sec. 
MEMORY STACK: 4MB 

******************************************************************************** 
MAKE INSTALLER: 
******************************************************************************** 
Build Start 
Build Finished 
Preping for use 
Template parsed with new data 
Complete [/Applications/MAMP/htdocs/webi2000/final/wp-snapshots/tmp/20160428_sheridanneighborhoodorganizat_57226ba6ecbae3514160428195934_installer.php] 
Added to archive 

******************************************************************************** 
INTEGRITY CHECKS: 
******************************************************************************** 
SQL File: 659.38KB 
Installer File: 319.34KB 
Archive File: 21.3MB  

********************************************************************************
RECORD ID:[1]
TOTAL PROCESS RUNTIME: 49.18 sec.
PEAK PHP MEMORY USED: 6MB
DONE PROCESSING => 20160428_sheridanneighborhoodorganizat 2016-04-28 20:00:36
 
